


ARM Macro Assembler    Page 1 


    1 00000000                 AREA             test, CODE, READONLY
    2 00000000         
    3 00000000                 export           asm_dot_product ; label must be
                                                             exported if it is 
                                                            to be used as a fun
                                                            ction in C
    4 00000000         asm_dot_product
    5 00000000         
    6 00000000 B430            PUSH{R4,         R5}         ; saving context ac
                                                            cording to calling 
                                                            convention
    7 00000002         ;VSUB S3, S3, S3               ; result = 0
    8 00000002         
    9 00000002         loop
   10 00000002 1E52            SUBS             R2, R2, #1  ; loop counter (N =
                                                             N-1)
   11 00000004 DB0D            BLT              done        ; loop has finished
                                                            ?
   12 00000006 EB00 0482       ADD              R4, R0, R2, LSL #2 ; creating b
                                                            ase address for the
                                                             next element in th
                                                            e array
   13 0000000A EB01 0582       ADD              R5, R1, R2, LSL #2 ; creating b
                                                            ase address for the
                                                             next element in th
                                                            e array
   14 0000000E ED94 0A00       VLDR.f32         S0, [R4]    ; Matrix 1 first in
                                                            dex value move to S
                                                            0
   15 00000012 EDD5 0A00       VLDR.f32         S1, [R5]    ; Matrix 2 first in
                                                            dex valuemove to S1
                                                            
   16 00000016 EE20 1A20       VMUL.f32         S2, S0, S1  ; multiply S0 and S
                                                            1
   17 0000001A EE71 1A81       VADD.f32         S3, S3, S2  ; add to result
   18 0000001E DCFF            BGT              continue    ; branch loop
   19 00000020         
   20 00000020         continue
   21 00000020 E7EF            B                loop        ; loop
   22 00000022         
   23 00000022         done
   24 00000022 EDC3 1A00       VSTR.f32         S3, [R3]    ; store dot product
                                                             in the pointer (fl
                                                            oat *dot_product) t
                                                            hat was provided
   25 00000026         
   26 00000026 BC30            POP{R4,          R5}         ; restore context
   27 00000028 4770            BX               LR          ; return
   28 0000002A         
   29 0000002A                 END
Command Line: --debug --xref --diag_suppress=9931 --cpu=Cortex-M4.fp --apcs=int
erwork --depend=.\objects\dot_product_1.d -o.\objects\dot_product_1.o -IC:\User
s\ifaruk\Downloads\GXX_Lab1\RTE -IC:\Keil_v5\ARM\PACK\ARM\CMSIS\5.3.0\CMSIS\Inc
lude -IC:\Keil_v5\ARM\PACK\ARM\CMSIS\5.3.0\Device\ARM\ARMCM4\Include --predefin
e="__EVAL SETA 1" --predefine="__UVISION_VERSION SETA 515" --predefine="_RTE_ S
ETA 1" --predefine="ARMCM4_FP SETA 1" --list=.\listings\dot_product.lst asm\dot
_product.s



ARM Macro Assembler    Page 1 Alphabetic symbol ordering
Relocatable symbols

asm_dot_product 00000000

Symbol: asm_dot_product
   Definitions
      At line 4 in file asm\dot_product.s
   Uses
      At line 3 in file asm\dot_product.s
Comment: asm_dot_product used once
continue 00000020

Symbol: continue
   Definitions
      At line 20 in file asm\dot_product.s
   Uses
      At line 18 in file asm\dot_product.s
Comment: continue used once
done 00000022

Symbol: done
   Definitions
      At line 23 in file asm\dot_product.s
   Uses
      At line 11 in file asm\dot_product.s
Comment: done used once
loop 00000002

Symbol: loop
   Definitions
      At line 9 in file asm\dot_product.s
   Uses
      At line 21 in file asm\dot_product.s
Comment: loop used once
test 00000000

Symbol: test
   Definitions
      At line 1 in file asm\dot_product.s
   Uses
      None
Comment: test unused
5 symbols
340 symbols in table
